Arguments: 
  C:\Program Files\nodejs\node.exe C:\Users\imanu\AppData\Roaming\npm\node_modules\yarn\bin\yarn.js clean

PATH: 
  C:\Users\imanu\bin;C:\Program Files\Git\mingw64\bin;C:\Program Files\Git\usr\local\bin;C:\Program Files\Git\usr\bin;C:\Program Files\Git\usr\bin;C:\Program Files\Git\mingw64\bin;C:\Program Files\Git\usr\bin;C:\Users\imanu\bin;C:\Windows\system32;C:\Windows;C:\Windows\System32\Wbem;C:\Windows\System32\WindowsPowerShell\v1.0;C:\Windows\System32\OpenSSH;C:\Program Files\nodejs;C:\ProgramData\chocolatey\bin;C:\Program Files\Git\cmd;C:\Program Files\GitHub CLI;C:\Users\imanu\AppData\Local\pnpm;C:\Users\imanu\scoop\shims;C:\Users\imanu\AppData\Local\Microsoft\WindowsApps;C:\Users\imanu\AppData\Roaming\npm;C:\Users\imanu\AppData\Local\Programs\Microsoft VS Code\bin;C:\Users\imanu\AppData\Local\Programs\Hyper\resources\bin;C:\Users\imanu\.fly\bin;C:\Users\imanu\.deta\bin;C:\Program Files\Git\usr\bin\vendor_perl;C:\Program Files\Git\usr\bin\core_perl

Yarn version: 
  1.22.19

Node version: 
  16.16.0

Platform: 
  win32 x64

Trace: 
  SyntaxError: D:\workspace\colors\package.json: Unexpected token ` in JSON at position 447
      at JSON.parse (<anonymous>)
      at C:\Users\imanu\AppData\Roaming\npm\node_modules\yarn\lib\cli.js:1629:59
      at Generator.next (<anonymous>)
      at step (C:\Users\imanu\AppData\Roaming\npm\node_modules\yarn\lib\cli.js:310:30)
      at C:\Users\imanu\AppData\Roaming\npm\node_modules\yarn\lib\cli.js:321:13

npm manifest: 
  {
    "name": "@radix-ui/colors",
    "version": "0.1.8",
    "contributors": [
      "Colm Tuite <colm@workos.com>",
      "Vlad Moroz <vlad@workos.com>"
    ],
    "main": "index.js",
    "module": "index.mjs",
    "types": "types/index.d.ts",
    "scripts": {
      "build": "yarn clean && yarn && rollup -c && yarn build-css-modules",
      "build-css-modules": "node ./scripts/build-css-modules.js",
      "postpublish": "yarn clean",
      "clean": "git clean -fdX"
    }``
    "keywords": [
      "radix",
      "colors"
    ],
    "sideEffects": false,
    "publishConfig": {
      "access": "public"
    },
    "devDependencies": {
      "@rollup/plugin-typescript": "^8.2.1",
      "@types/node": "^15.0.3",
      "rollup": "^2.48.0",
      "tslib": "^2.2.0",
      "typescript": "^4.2.4"
    },
    "license": "MIT",
    "dependencies": {
      "@chakra-ui/react": "^2.3.2"
    }
  }

yarn manifest: 
  No manifest

Lockfile: 
  # THIS IS AN AUTOGENERATED FILE. DO NOT EDIT THIS FILE DIRECTLY.
  # yarn lockfile v1
  
  
  "@babel/runtime@^7.0.0", "@babel/runtime@^7.12.13":
    version "7.19.0"
    resolved "https://registry.yarnpkg.com/@babel/runtime/-/runtime-7.19.0.tgz#22b11c037b094d27a8a2504ea4dcff00f50e2259"
    integrity sha512-eR8Lo9hnDS7tqkO7NsV+mKvCmv5boaXFSZ70DnfhcgiEne8hv9oCEd36Klw74EtizEqLsy4YnW8UWwpBVolHZA==
    dependencies:
      regenerator-runtime "^0.13.4"
  
  "@chakra-ui/accordion@2.0.12":
    version "2.0.12"
    resolved "https://registry.yarnpkg.com/@chakra-ui/accordion/-/accordion-2.0.12.tgz#dd260fbecb639748314f440c89052ed45006c585"
    integrity sha512-O3qq8mILo1QODjCGr2xwxC5LNFakBoMzTjEgpvpIMynxWc/1RKfGuFLis3IDfpHIicXmBTK6sNiZXewmna88CQ==
    dependencies:
      "@chakra-ui/descendant" "3.0.9"
      "@chakra-ui/icon" "3.0.9"
      "@chakra-ui/react-context" "2.0.3"
      "@chakra-ui/react-use-controllable-state" "2.0.3"
      "@chakra-ui/react-use-merge-refs" "2.0.3"
      "@chakra-ui/transition" "2.0.9"
  
  "@chakra-ui/alert@2.0.9":
    version "2.0.9"
    resolved "https://registry.yarnpkg.com/@chakra-ui/alert/-/alert-2.0.9.tgz#25e88c105e095def374c9fe1e3c8a3f6fab08f6c"
    integrity sha512-hFRIh6ZzQJ0sAESRym15mW/mcZE/yu4z6lFtdToBhpfSlhZLuE7gDdOTxqGkg417hY//48NiNXOCoQ2dUUuHKw==
    dependencies:
      "@chakra-ui/icon" "3.0.9"
      "@chakra-ui/react-context" "2.0.3"
      "@chakra-ui/spinner" "2.0.9"
  
  "@chakra-ui/anatomy@2.0.6":
    version "2.0.6"
    resolved "https://registry.yarnpkg.com/@chakra-ui/anatomy/-/anatomy-2.0.6.tgz#83164841d27eaa271ffa747534519bcd323c312f"
    integrity sha512-Vgop2FFdhVtX7BydjZdJWZAWy+DdXBU1IMaBppz6COaH+/7OXxoI2ec2bs17ehJyBO0M+ud3OLj5UCFQ79YsoQ==
  
  "@chakra-ui/avatar@2.1.0":
    version "2.1.0"
    resolved "https://registry.yarnpkg.com/@chakra-ui/avatar/-/avatar-2.1.0.tgz#009b4e126c58ef0183618cfbfb29f8e7e3357ee9"
    integrity sha512-SRQeH6NNvIBgUc4OsO14ypvcn8I66ndw7r4piIkm+R2zqbYnrzpp1d2zNPNHkChc4xQY71/GenenYO5Fhsi2DA==
    dependencies:
      "@chakra-ui/image" "2.0.10"
      "@chakra-ui/react-children-utils" "2.0.1"
      "@chakra-ui/react-context" "2.0.3"
  
  "@chakra-ui/breadcrumb@2.0.9":
    version "2.0.9"
    resolved "https://registry.yarnpkg.com/@chakra-ui/breadcrumb/-/breadcrumb-2.0.9.tgz#357e4e2a50cdad87c0b3b59656aafa85671e6142"
    integrity sha512-cc3WbxrJNRUph4v45qCdcIKJI0xECeV9VikQNIactBB+iexN4d+5P66xZABAkD8wWGmyH5KuSZcd9sFYNmC13w==
    dependencies:
      "@chakra-ui/react-children-utils" "2.0.1"
      "@chakra-ui/react-context" "2.0.3"
  
  "@chakra-ui/breakpoint-utils@2.0.3":
    version "2.0.3"
    resolved "https://registry.yarnpkg.com/@chakra-ui/breakpoint-utils/-/breakpoint-utils-2.0.3.tgz#af7f7603f31a7d8d0166307a47e88cf5902401b4"
    integrity sha512-smi41ZtaiPw4mXaCgicyAh5M45Drt20wypThP+qQUT2CQ51UFZhYlItRA2lCXKQ9QB83POcHPC/oAwIsNOAfTg==
  
  "@chakra-ui/button@2.0.9":
    version "2.0.9"
    resolved "https://registry.yarnpkg.com/@chakra-ui/button/-/button-2.0.9.tgz#f005f98bb5f1d5673a244957e6b3e2396acdf395"
    integrity sha512-4BuDBiBlChHW1rQ9iod9MKs87AY3IyvZQwjV3DZTU4IG0KcDDfLQf++jj4dkg9Ttu+pIWhwF42pzA40JxW1oNg==
    dependencies:
      "@chakra-ui/react-context" "2.0.3"
      "@chakra-ui/react-use-merge-refs" "2.0.3"
      "@chakra-ui/spinner" "2.0.9"
  
  "@chakra-ui/checkbox@2.1.8":
    version "2.1.8"
    resolved "https://registry.yarnpkg.com/@chakra-ui/checkbox/-/checkbox-2.1.8.tgz#d04a9a65494cf22e8bcfafa161bb7185d92dc13b"
    integrity sha512-HhRs3nwTFoIE/UpX4N2AZxxW39Xm/Vw01HjwP/59X60kdKs3RBXlm52cODkfUDfveyT9o5ezLhU/jRf0qA909Q==
    dependencies:
      "@chakra-ui/form-control" "2.0.9"
      "@chakra-ui/react-context" "2.0.3"
      "@chakra-ui/react-types" "2.0.3"
      "@chakra-ui/react-use-callback-ref" "2.0.3"
      "@chakra-ui/react-use-controllable-state" "2.0.3"
      "@chakra-ui/react-use-merge-refs" "2.0.3"
      "@chakra-ui/react-use-safe-layout-effect" "2.0.1"
      "@chakra-ui/react-use-update-effect" "2.0.3"
      "@chakra-ui/visually-hidden" "2.0.9"
      "@zag-js/focus-visible" "0.1.0"
  
  "@chakra-ui/clickable@2.0.9":
    version "2.0.9"
    resolved "https://registry.yarnpkg.com/@chakra-ui/clickable/-/clickable-2.0.9.tgz#c06486d36f4a4cb517ea75176e05021dfde117cd"
    integrity sha512-tGXYM6M6I954fif98QkNu5M76oBZmksCTj2mILOan9/BSimpFpu06aPGX3ZIkNsz300nIObn0FdtMvKpIEQueA==
    dependencies:
      "@chakra-ui/react-use-merge-refs" "2.0.3"
  
  "@chakra-ui/close-button@2.0.9":
    version "2.0.9"
    resolved "https://registry.yarnpkg.com/@chakra-ui/close-button/-/close-button-2.0.9.tgz#dab2d66c7a240c4d3d150e370980709336a4a266"
    integrity sha512-0RI/zLR+/mycGbYCCwDAc9hAVG7IIVmdikmo1ET7+rYip4TN94aWR0hA4dYtWqqghG1oW/pYQ9Yja6fEY90V5w==
    dependencies:
      "@chakra-ui/icon" "3.0.9"
  
  "@chakra-ui/color-mode@2.1.7":
    version "2.1.7"
    resolved "https://registry.yarnpkg.com/@chakra-ui/color-mode/-/color-mode-2.1.7.tgz#91c02e82e551c5448081e4934efeddb10bb732c5"
    integrity sha512-GAoKJzVRQeuEfCa2i0BZdMwxuOoaGknU3+5wgvLuaSpwlov4OyqpjKMRdSdpjr4IFiqqHK47dsr3H4LQsbO+9w==
    dependencies:
      "@chakra-ui/react-use-safe-layout-effect" "2.0.1"
  
  "@chakra-ui/control-box@2.0.9":
    version "2.0.9"
    resolved "https://registry.yarnpkg.com/@chakra-ui/control-box/-/control-box-2.0.9.tgz#b3cd98ceb1ce683c00445ab7469e65ba3d90c3cc"
    integrity sha512-/viS9OBah1wCLNZbgfwkoQOnVRUYgp8Gypjqk9QNQwnNdFUTEgWc1RWN+1RYO85esJzHLkA2hZFIrYu1TZeZ6g==
  
  "@chakra-ui/counter@2.0.9":
    version "2.0.9"
    resolved "https://registry.yarnpkg.com/@chakra-ui/counter/-/counter-2.0.9.tgz#b1b7c74c4e5d1ac506d699d93da57d535370a702"
    integrity sha512-LuqtpyxCOZM19gAmV0vtVeaFd9ccPmEjoGJQ0NoO8CFheltgLC/7m/8YpDbgWiG4+BAkTUfIG+5nLg5hwvvQxw==
    dependencies:
      "@chakra-ui/number-utils" "2.0.3"
      "@chakra-ui/react-use-callback-ref" "2.0.3"
  
  "@chakra-ui/css-reset@2.0.7":
    version "2.0.7"
    resolved "https://registry.yarnpkg.com/@chakra-ui/css-reset/-/css-reset-2.0.7.tgz#28f4284c36230e30892dc3f2de2464aaacc4f623"
    integrity sha512-ztGdFQ6U1hX2k6a3HZ8D3A/dZWVxlGe2F5mvUrRU554mFWBYmsq0ydZ7UBEPlykv9NoCz4nN8VCkIxcKJ3p29Q==
  
  "@chakra-ui/descendant@3.0.9":
    version "3.0.9"
    resolved "https://registry.yarnpkg.com/@chakra-ui/descendant/-/descendant-3.0.9.tgz#6574a1ce00067c49a070c5b005f8f1ca399006ea"
    integrity sha512-30E5yMWvxgBx43PoI/67r9h9OhbpDfLb/MLOCjtEwebSbD0V5+fmnmCoUELScQbhozQVjA9t195X6UP0VQWj8w==
    dependencies:
      "@chakra-ui/react-context" "2.0.3"
      "@chakra-ui/react-use-merge-refs" "2.0.3"
  
  "@chakra-ui/dom-utils@2.0.1":
    version "2.0.1"
    resolved "https://registry.yarnpkg.com/@chakra-ui/dom-utils/-/dom-utils-2.0.1.tgz#3061819ac365f5947423d63a5fcc26a281bbb5c2"
    integrity sha512-sbob9AHQq1+KIQ3XKslafislwtC8pYcpwM0S1SLzgyZumHRwhDimKwdi4MtRQfOCenub0E3diRjp4RpGRL0JuQ==
  
  "@chakra-ui/editable@2.0.9":
    version "2.0.9"
    resolved "https://registry.yarnpkg.com/@chakra-ui/editable/-/editable-2.0.9.tgz#a31d2e1c176c0817574e98a8567314c1a74444ab"
    integrity sha512-s5F3UMR09s6ga3eVhw0UBMGmegtxg6jCp29VLqaEwP5BuWIEOjcJz358gTlnFr3dhvb31e3rcr+B1XiYv4wxqg==
    dependencies:
      "@chakra-ui/react-context" "2.0.3"
      "@chakra-ui/react-types" "2.0.3"
      "@chakra-ui/react-use-controllable-state" "2.0.3"
      "@chakra-ui/react-use-focus-on-pointer-down" "2.0.1"
      "@chakra-ui/react-use-merge-refs" "2.0.3"
      "@chakra-ui/react-use-safe-layout-effect" "2.0.1"
      "@chakra-ui/react-use-update-effect" "2.0.3"
      "@chakra-ui/shared-utils" "2.0.1"
  
  "@chakra-ui/event-utils@2.0.4":
    version "2.0.4"
    resolved "https://registry.yarnpkg.com/@chakra-ui/event-utils/-/event-utils-2.0.4.tgz#eeb3eb4f37c3828955dbbc182ea43a8a3238a599"
    integrity sha512-J2YgAM5Dw9hMkwfMsWhsiAG848GfTMxNclUIUcgV9RQhLEs0eTFhelzNiKVOMA3vBxlT6lOARuRun/ESiFZgGg==
  
  "@chakra-ui/focus-lock@2.0.10":
    version "2.0.10"
    resolved "https://registry.yarnpkg.com/@chakra-ui/focus-lock/-/focus-lock-2.0.10.tgz#8f17d212786bd2977afc07f72b520aeae30b9434"
    integrity sha512-LeRZYzwfJp0eq84oO8e1pC2qC8v8fJw/P4nYDrCDjuJU753DV6nVjp5MKMRqbkp+6IAElPc+ojy/sp2a9GCocw==
    dependencies:
      "@chakra-ui/dom-utils" "2.0.1"
      react-focus-lock "^2.9.1"
  
  "@chakra-ui/form-control@2.0.9":
    version "2.0.9"
    resolved "https://registry.yarnpkg.com/@chakra-ui/form-control/-/form-control-2.0.9.tgz#10678857e6586e7d1be0a34c8d045c6484c1180b"
    integrity sha512-P8Tr45z/XSAa1m6uAma0eKf1h7Ltg2sLj2jK5YhaXJER9VUUY18iGe96D4JrAXlgEWDhTyWMb63nB+eYO1tKtw==
    dependencies:
      "@chakra-ui/icon" "3.0.9"
      "@chakra-ui/react-context" "2.0.3"
      "@chakra-ui/react-types" "2.0.3"
      "@chakra-ui/react-use-merge-refs" "2.0.3"
  
  "@chakra-ui/hooks@2.0.9":
    version "2.0.9"
    resolved "https://registry.yarnpkg.com/@chakra-ui/hooks/-/hooks-2.0.9.tgz#1f6d6157968a60dd9678112763d8f5fd3bdeffad"
    integrity sha512-0JRgEPtsBaXr9nQW1xEKlWGA7WwFbLNqac7fQXp9zQvoHOWTfNJkK/NJaVBvyFPgfTLxy37WKHooVSwNG/Lwmg==
    dependencies:
      "@chakra-ui/react-utils" "2.0.6"
      "@chakra-ui/utils" "2.0.9"
      compute-scroll-into-view "1.0.14"
      copy-to-clipboard "3.3.1"
  
  "@chakra-ui/icon@3.0.9":
    version "3.0.9"
    resolved "https://registry.yarnpkg.com/@chakra-ui/icon/-/icon-3.0.9.tgz#ba127d9eefd727f62e9bce07a23eca39ae506744"
    integrity sha512-P2Pwm/za6m1W1oqL2kGHH6XrrymsBjqYAFwOW2lB5Q6mI1e+RYe/iMxDoPSLHMYhqdfH7vyib/ffE3Vv3a5oTA==
    dependencies:
      "@chakra-ui/shared-utils" "2.0.1"
  
  "@chakra-ui/image@2.0.10":
    version "2.0.10"
    resolved "https://registry.yarnpkg.com/@chakra-ui/image/-/image-2.0.10.tgz#712c0e1c579d959225bd8316d8d8f66cbeb95bb8"
    integrity sha512-Atc1bdog4V5xv7IbpF2F2UkKWfgG/TD74cIac09JuSpQcYyh7lrJ7iVvhTkeP+LDdCs+QCD7SnTUM4Y0ZlaHbA==
    dependencies:
      "@chakra-ui/react-use-safe-layout-effect" "2.0.1"
  
  "@chakra-ui/input@2.0.9":
    version "2.0.9"
    resolved "https://registry.yarnpkg.com/@chakra-ui/input/-/input-2.0.9.tgz#905b82ed647a20080a25a6a7e6740e3bb65586c1"
    integrity sha512-6MKydxTyF7JV7PtQHircQ5HBTd6Ik9Vn7p8fCLeAieT0TK8UQTxMWZVPminS7TRWMutrq8W99DcQOBlMz0cKrw==
    dependencies:
      "@chakra-ui/form-control" "2.0.9"
      "@chakra-ui/object-utils" "2.0.3"
      "@chakra-ui/react-children-utils" "2.0.1"
      "@chakra-ui/react-context" "2.0.3"
      "@chakra-ui/shared-utils" "2.0.1"
  
  "@chakra-ui/layout@2.1.6":
    version "2.1.6"
    resolved "https://registry.yarnpkg.com/@chakra-ui/layout/-/layout-2.1.6.tgz#3dfdd8b3f08d9ff34fc923d44ebe4bc86291b889"
    integrity sha512-QDNaVu44UI46c+YlSF1KrzJkiwua0UtRXNTnR3jBE1uzcuqRow7xgr3E60dLphY2cPFqAljfQZUNlP3sgvCLww==
    dependencies:
      "@chakra-ui/breakpoint-utils" "2.0.3"
      "@chakra-ui/icon" "3.0.9"
      "@chakra-ui/object-utils" "2.0.3"
      "@chakra-ui/react-children-utils" "2.0.1"
      "@chakra-ui/react-context" "2.0.3"
      "@chakra-ui/shared-utils" "2.0.1"
  
  "@chakra-ui/lazy-utils@2.0.1":
    version "2.0.1"
    resolved "https://registry.yarnpkg.com/@chakra-ui/lazy-utils/-/lazy-utils-2.0.1.tgz#6814836552028fa0823563ce3d39d22bccb203e1"
    integrity sha512-986YjYq+hEzHDLZiqYlYbdqfiKdC3h2g896Eoe5K2UXtAVxqZI3UOnMH781X6N1R7rGJWquskzG681qFigW/BA==
  
  "@chakra-ui/live-region@2.0.9":
    version "2.0.9"
    resolved "https://registry.yarnpkg.com/@chakra-ui/live-region/-/live-region-2.0.9.tgz#f26cf1b96df51515cd3a0897f9516f8b5f6bbfec"
    integrity sha512-ilbo/C5wcUoSHDU5owFPQP3KsabPYGzDEbwV+Z76BlyNdFN2PD0j13RGEH+sBNNZ3HzLyyuuc1YmkVcJi7ycQg==
  
  "@chakra-ui/media-query@3.2.5":
    version "3.2.5"
    resolved "https://registry.yarnpkg.com/@chakra-ui/media-query/-/media-query-3.2.5.tgz#c0b9dc4bc6245d9abddcbe17693e40bf5dfe34f8"
    integrity sha512-V+Dngi/r7u/uj7JhsZerM1RI597Oo4wED2ojNfclnnEVb/IoqktiuFy6RQgbo3HmE7M/E5B1i4yYzt7tQJhXlg==
    dependencies:
      "@chakra-ui/breakpoint-utils" "2.0.3"
      "@chakra-ui/react-env" "2.0.9"
  
  "@chakra-ui/menu@2.0.13":
    version "2.0.13"
    resolved "https://registry.yarnpkg.com/@chakra-ui/menu/-/menu-2.0.13.tgz#3ac5f448efc894045769c606ebe1376051556be9"
    integrity sha512-XZYoq9k/txAELUgn5OokyxfXEpVZwBueVYXiT9ji0XvMuzXVxeHd40klJEkiJUctNsOahZf10t5yxlT4B00pwA==
    dependencies:
      "@chakra-ui/clickable" "2.0.9"
      "@chakra-ui/descendant" "3.0.9"
      "@chakra-ui/lazy-utils" "2.0.1"
      "@chakra-ui/popper" "3.0.7"
      "@chakra-ui/react-children-utils" "2.0.1"
      "@chakra-ui/react-context" "2.0.3"
      "@chakra-ui/react-use-animation-state" "2.0.3"
      "@chakra-ui/react-use-controllable-state" "2.0.3"
      "@chakra-ui/react-use-disclosure" "2.0.3"
      "@chakra-ui/react-use-focus-effect" "2.0.3"
      "@chakra-ui/react-use-merge-refs" "2.0.3"
      "@chakra-ui/react-use-outside-click" "2.0.3"
      "@chakra-ui/react-use-update-effect" "2.0.3"
      "@chakra-ui/transition" "2.0.9"
  
  "@chakra-ui/modal@2.1.7":
    version "2.1.7"
    resolved "https://registry.yarnpkg.com/@chakra-ui/modal/-/modal-2.1.7.tgz#dba55bddd407689f4c2bba886b03a5355578a20d"
    integrity sha512-A+CbvhQYpmLH3SrqJ1wJysUCGm0mNoSDxRjP4wX98j56nMTDAsMYlzttpuLmKaSzvbJ7uEQDLtQV8lZjB0gUuw==
    dependencies:
      "@chakra-ui/close-button" "2.0.9"
      "@chakra-ui/focus-lock" "2.0.10"
      "@chakra-ui/portal" "2.0.9"
      "@chakra-ui/react-context" "2.0.3"
      "@chakra-ui/react-types" "2.0.3"
      "@chakra-ui/react-use-merge-refs" "2.0.3"
      "@chakra-ui/transition" "2.0.9"
      aria-hidden "^1.1.1"
      react-remove-scroll "^2.5.4"
  
  "@chakra-ui/number-input@2.0.9":
    version "2.0.9"
    resolved "https://registry.yarnpkg.com/@chakra-ui/number-input/-/number-input-2.0.9.tgz#c5ebfa0311f7586fb4c1e5f4284355b1d1f04383"
    integrity sha512-RsDzoNvSBZMgyXjN543AtQ2v99U1p/0xnGWZy4NCkgCDWMBn3kIXqSzQq5CB9Ot0MD8nnKF5VYdVdXWguXExEQ==
    dependencies:
      "@chakra-ui/counter" "2.0.9"
      "@chakra-ui/form-control" "2.0.9"
      "@chakra-ui/icon" "3.0.9"
      "@chakra-ui/react-context" "2.0.3"
      "@chakra-ui/react-types" "2.0.3"
      "@chakra-ui/react-use-callback-ref" "2.0.3"
      "@chakra-ui/react-use-event-listener" "2.0.3"
      "@chakra-ui/react-use-interval" "2.0.1"
      "@chakra-ui/react-use-merge-refs" "2.0.3"
      "@chakra-ui/react-use-safe-layout-effect" "2.0.1"
      "@chakra-ui/react-use-update-effect" "2.0.3"
  
  "@chakra-ui/number-utils@2.0.3":
    version "2.0.3"
    resolved "https://registry.yarnpkg.com/@chakra-ui/number-utils/-/number-utils-2.0.3.tgz#2cf1190647ac5a17c90baaf8176226a98eb3bfff"
    integrity sha512-oN03kYAUCCp/FNtpLr5mh+cvd/sRTzZWTBoFydmxc955psXq/X950gzs6o5kzoeFCpgXaxMmHAXQm3ReEK2NsQ==
  
  "@chakra-ui/object-utils@2.0.3":
    version "2.0.3"
    resolved "https://registry.yarnpkg.com/@chakra-ui/object-utils/-/object-utils-2.0.3.tgz#0bc8d1c7c452fe1ce8fcda439336e0392e867d7e"
    integrity sha512-36prckrqTynVD/JTzyCr8OCWVOrMs/awZo3djVbIiNxRIcJ5iEwUVy26h3MWN4ENSopipBtxNfAwPNTLU5Si/g==
  
  "@chakra-ui/pin-input@2.0.12":
    version "2.0.12"
    resolved "https://registry.yarnpkg.com/@chakra-ui/pin-input/-/pin-input-2.0.12.tgz#1ff927fdc61433a7b9b4421ceafad5674299e91a"
    integrity sha512-gaMRp5AFW+qAJCUj93V1WluuYBBZ/5A3Wy5q796g8Auvw7vufgkVtl6EBznwvtynZN8gJwbRFpMtJxQyXCkUiw==
    dependencies:
      "@chakra-ui/descendant" "3.0.9"
      "@chakra-ui/react-children-utils" "2.0.1"
      "@chakra-ui/react-context" "2.0.3"
      "@chakra-ui/react-use-controllable-state" "2.0.3"
      "@chakra-ui/react-use-merge-refs" "2.0.3"
  
  "@chakra-ui/popover@2.0.9":
    version "2.0.9"
    resolved "https://registry.yarnpkg.com/@chakra-ui/popover/-/popover-2.0.9.tgz#7f2df4cbbc3eee7440c311750e18ba00150f973f"
    integrity sha512-+7tH4RVuheFQOyAZ5KT9x+qsLvz7rGuKaHtb0427+5bhUzLaSAghtr/afzOKHDwUVBwF2tTUNanR23ipW1fXDg==
    dependencies:
      "@chakra-ui/close-button" "2.0.9"
      "@chakra-ui/hooks" "2.0.9"
      "@chakra-ui/lazy-utils" "2.0.1"
      "@chakra-ui/popper" "3.0.7"
      "@chakra-ui/react-context" "2.0.3"
      "@chakra-ui/react-types" "2.0.3"
      "@chakra-ui/react-use-disclosure" "2.0.3"
      "@chakra-ui/react-use-merge-refs" "2.0.3"
  
  "@chakra-ui/popper@3.0.7":
    version "3.0.7"
    resolved "https://registry.yarnpkg.com/@chakra-ui/popper/-/popper-3.0.7.tgz#af3428bf5d64ad9372210a70181f69a9d79eefb2"
    integrity sha512-xLYhuNsk1gOjymtek1ZdZlG21hmg2a7Iu2KsD9Hi7+aUxc2K5/XxX+/vyjjz8u4s0gmj83pTqnauQRynb/TCXA==
    dependencies:
      "@chakra-ui/react-types" "2.0.3"
      "@chakra-ui/react-use-merge-refs" "2.0.3"
      "@popperjs/core" "^2.9.3"
  
  "@chakra-ui/portal@2.0.9":
    version "2.0.9"
    resolved "https://registry.yarnpkg.com/@chakra-ui/portal/-/portal-2.0.9.tgz#b427c383a9d602c5b52b21312b4b1c0ffecaf583"
    integrity sha512-9e9S0MLbkpofPGlyYA12jNYSdndugy6ylPi5pC9nr3/VqG2Kn+8VcBChAeXW8K4ms7WFc74rNX1pBY/UVwr4qg==
    dependencies:
      "@chakra-ui/react-context" "2.0.3"
      "@chakra-ui/react-use-safe-layout-effect" "2.0.1"
  
  "@chakra-ui/progress@2.0.10":
    version "2.0.10"
    resolved "https://registry.yarnpkg.com/@chakra-ui/progress/-/progress-2.0.10.tgz#9191ae9061ef08066d37c5cb8341fedc10214a29"
    integrity sha512-my0Pi3NG1PYhlvCav4fybg3gL5HBNe+7lO4PVdri4QHEyfJlrDeBWID+1GgqlpUWdTj3sOf7ysku+FEgkeOeSA==
    dependencies:
      "@chakra-ui/react-context" "2.0.3"
  
  "@chakra-ui/provider@2.0.16":
    version "2.0.16"
    resolved "https://registry.yarnpkg.com/@chakra-ui/provider/-/provider-2.0.16.tgz#a4afdb4c8f2050beb5d2b61db8971a145481c6f2"
    integrity sha512-4t/PmjJ7WXPPaPfoYgw8F1/rVtorZuvknugHfOZcOtAPGQmOPotSv28qjKpu/mCvc1GMGV0swMsvCeInYz7g0w==
    dependencies:
      "@chakra-ui/css-reset" "2.0.7"
      "@chakra-ui/portal" "2.0.9"
      "@chakra-ui/react-env" "2.0.9"
      "@chakra-ui/system" "2.2.9"
      "@chakra-ui/utils" "2.0.9"
  
  "@chakra-ui/radio@2.0.10":
    version "2.0.10"
    resolved "https://registry.yarnpkg.com/@chakra-ui/radio/-/radio-2.0.10.tgz#82eb02313efafc460da3030d011bfd434b1ecabc"
    integrity sha512-LhAWsY22cmb+M/iyhFgkzf2+V9TJmAC77Cd+GbP3M3sxDSEUDtq08KOc3JjoYc3GzeZml3JL1yssbxh+liY3xA==
    dependencies:
      "@chakra-ui/form-control" "2.0.9"
      "@chakra-ui/react-context" "2.0.3"
      "@chakra-ui/react-types" "2.0.3"
      "@chakra-ui/react-use-merge-refs" "2.0.3"
      "@zag-js/focus-visible" "0.1.0"
  
  "@chakra-ui/react-children-utils@2.0.1":
    version "2.0.1"
    resolved "https://registry.yarnpkg.com/@chakra-ui/react-children-utils/-/react-children-utils-2.0.1.tgz#321ac05362ade1495a34ea74052d3c7da3d9e923"
    integrity sha512-sEgpuh/vWSt2+W0F49EGYXXUyjmg0lbosjVg6qUKHv9sAyx5tbrOrZ6df/TaMUSAe9m3AUOMGqUIPLpxno0DjA==
  
  "@chakra-ui/react-context@2.0.3":
    version "2.0.3"
    resolved "https://registry.yarnpkg.com/@chakra-ui/react-context/-/react-context-2.0.3.tgz#e988be62f5f5fe29d6a8496c79cbf934f840fa5a"
    integrity sha512-KmPq6sb1y05WsOUqXZtBBC4LsNKZIFrp2thTsLBwcuH7lkXZwPMHmJGKa9K980P+SWEgfH2s2PY2z+QrIuqWGg==
  
  "@chakra-ui/react-env@2.0.9":
    version "2.0.9"
    resolved "https://registry.yarnpkg.com/@chakra-ui/react-env/-/react-env-2.0.9.tgz#d51efc31d77197a3526e2c4b2f2fde557396bb3c"
    integrity sha512-4AJHNUGBR19hzVyOILYpZZgq8jGrpEcbhvR++CppbvPH7vfPZpoz6L/cBtHxS07YwDtUeBL8yCNiLlTxctV//Q==
  
  "@chakra-ui/react-types@2.0.3":
    version "2.0.3"
    resolved "https://registry.yarnpkg.com/@chakra-ui/react-types/-/react-types-2.0.3.tgz#dc454c4703b4de585e6461fd607304ede06fe595"
    integrity sha512-1mJYOQldFTALE0Wr3j6tk/MYvgQIp6CKkJulNzZrI8QN+ox/bJOh8OVP4vhwqvfigdLTui0g0k8M9h+j2ub/Mw==
  
  "@chakra-ui/react-use-animation-state@2.0.3":
    version "2.0.3"
    resolved "https://registry.yarnpkg.com/@chakra-ui/react-use-animation-state/-/react-use-animation-state-2.0.3.tgz#c10e575de76e907a84358595884a819039b24200"
    integrity sha512-sjGgzMMmxurwKDSFhDLpLNn3SWUERI5iAZOOa0pYnyOLGVXMowgIjK6jpZxre1vc3A+unjJk5P4qeiyY+C4uwQ==
    dependencies:
      "@chakra-ui/dom-utils" "2.0.1"
      "@chakra-ui/react-use-event-listener" "2.0.3"
  
  "@chakra-ui/react-use-callback-ref@2.0.3":
    version "2.0.3"
    resolved "https://registry.yarnpkg.com/@chakra-ui/react-use-callback-ref/-/react-use-callback-ref-2.0.3.tgz#532f993ae0dda27b2638d41e98f42c83751cd3b6"
    integrity sha512-kdYlhgnQKWWLNwl3WSv/Oq3+mlnu2p3y4Xc1AqKVHVcBOdQE9lpW3d7ZaOoK2aIXXWq1rocscOiXBUtM0Vqd2A==
  
  "@chakra-ui/react-use-controllable-state@2.0.3":
    version "2.0.3"
    resolved "https://registry.yarnpkg.com/@chakra-ui/react-use-controllable-state/-/react-use-controllable-state-2.0.3.tgz#7aa3f9c038513763332f6754e69ece90aed55a9c"
    integrity sha512-su8efwCWWnY2LQUU6PEnYwSGJX8kvPSO2KyUKuymx8q3fNWuyhzAZriG/TbeeCxESLp70+wuniUlSGRa4vxylQ==
    dependencies:
      "@chakra-ui/react-use-callback-ref" "2.0.3"
  
  "@chakra-ui/react-use-disclosure@2.0.3":
    version "2.0.3"
    resolved "https://registry.yarnpkg.com/@chakra-ui/react-use-disclosure/-/react-use-disclosure-2.0.3.tgz#c27bfc7e3af0728423b9e2def1e1665d0ba941bb"
    integrity sha512-3IdrzvQZcgjqSx5wTVffInOyhMU+d3ZlIE26JmqejMyN/B+qAs932iKfm0A1mTMPTz38ZnNtuaKazmzyfR1ePg==
    dependencies:
      "@chakra-ui/react-use-callback-ref" "2.0.3"
  
  "@chakra-ui/react-use-event-listener@2.0.3":
    version "2.0.3"
    resolved "https://registry.yarnpkg.com/@chakra-ui/react-use-event-listener/-/react-use-event-listener-2.0.3.tgz#11b5409c4442888e7981d5288c9e781acdacd685"
    integrity sha512-m3ZdJjo3QQ1HcQGnehlBTgHaCVewz5fwIRTXVzbZTraVJr4k589Zf87eagW57tT4dyv656lSmdhaFGZ8p5Snww==
    dependencies:
      "@chakra-ui/react-use-callback-ref" "2.0.3"
  
  "@chakra-ui/react-use-focus-effect@2.0.3":
    version "2.0.3"
    resolved "https://registry.yarnpkg.com/@chakra-ui/react-use-focus-effect/-/react-use-focus-effect-2.0.3.tgz#3e221a5e9b06a7b832a6fca1f883e6335fd69f19"
    integrity sha512-N0rho7P+rH5cn13dbS8GUOye+6RYXAmXhmlS+WW/3lWidGH3HAbMoOVf56UiuSnE1+2or8/U7qRshUryj2H1nA==
    dependencies:
      "@chakra-ui/dom-utils" "2.0.1"
      "@chakra-ui/react-use-event-listener" "2.0.3"
      "@chakra-ui/react-use-update-effect" "2.0.3"
  
  "@chakra-ui/react-use-focus-on-pointer-down@2.0.1":
    version "2.0.1"
    resolved "https://registry.yarnpkg.com/@chakra-ui/react-use-focus-on-pointer-down/-/react-use-focus-on-pointer-down-2.0.1.tgz#be0668ff844dec8bbfe978d6eaff50534f290c48"
    integrity sha512-f0qL2iWvajUo+0jwDZyJpUMJ6J6BH3WjDZE2Rp6cns4pgI6uYuv2gj+FqQ5jnoYdXkeER6lBI56a+aIW/1RYiA==
    dependencies:
      "@chakra-ui/react-use-event-listener" "2.0.3"
  
  "@chakra-ui/react-use-interval@2.0.1":
    version "2.0.1"
    resolved "https://registry.yarnpkg.com/@chakra-ui/react-use-interval/-/react-use-interval-2.0.1.tgz#a8f5dbf83607f5dc53022aa2a766fdcb09d8a081"
    integrity sha512-6ZLzKA7Ga894UZcXO3bbGYThlhviiau1oxZ1UcJG5pUXNM9Up7O/4Joq31sL+KcpteCN45vd1etomilsv/blxw==
    dependencies:
      "@chakra-ui/react-use-callback-ref" "2.0.3"
  
  "@chakra-ui/react-use-merge-refs@2.0.3":
    version "2.0.3"
    resolved "https://registry.yarnpkg.com/@chakra-ui/react-use-merge-refs/-/react-use-merge-refs-2.0.3.tgz#cd8dac79c62dd45daaf4acc4507721d23dc5dc51"
    integrity sha512-n35BmVbasy5Esa6qxznWmiV3NaRxGpqMpZH0n+X7aXt8VkGAJzRpAVjUmKCLNYyCLpqsQceCmAEK8a5SR6vxqw==
  
  "@chakra-ui/react-use-outside-click@2.0.3":
    version "2.0.3"
    resolved "https://registry.yarnpkg.com/@chakra-ui/react-use-outside-click/-/react-use-outside-click-2.0.3.tgz#d0136d1c2fb45d86361224e98e3a50648bf9b85f"
    integrity sha512-r5OohM8lOuZTz6e3vVHvfm/3sEkd06nUPBNU+r3rWh1I7bR9z5Gia/BOQD6GE4jUTanDkHcH76Pf9qJ45kpibQ==
    dependencies:
      "@chakra-ui/react-use-callback-ref" "2.0.3"
  
  "@chakra-ui/react-use-pan-event@2.0.4":
    version "2.0.4"
    resolved "https://registry.yarnpkg.com/@chakra-ui/react-use-pan-event/-/react-use-pan-event-2.0.4.tgz#bfc2c1a2a44b2996951a729182566f02c7dc05e4"
    integrity sha512-lcEjngfCgIjE5qZeJiaDx+aJzZPLjbjUmbWumi8pIgWOnDL8Ffjh7AMKW4CddP5OgcRnDDb+7aqJbb55wraboA==
    dependencies:
      "@chakra-ui/event-utils" "2.0.4"
      framesync "5.3.0"
  
  "@chakra-ui/react-use-previous@2.0.1":
    version "2.0.1"
    resolved "https://registry.yarnpkg.com/@chakra-ui/react-use-previous/-/react-use-previous-2.0.1.tgz#e19f6b363271f62c36c9f3bd91dc60caa4c4e340"
    integrity sha512-ROi+/puVd8D1QaxBSOcGlJNqV2x02ppSgmXzZZJhM8ryFLZjY9ojV3HhamB2IJ/7SIb1rMSSV1GPedFw7YMCwA==
  
  "@chakra-ui/react-use-safe-layout-effect@2.0.1":
    version "2.0.1"
    resolved "https://registry.yarnpkg.com/@chakra-ui/react-use-safe-layout-effect/-/react-use-safe-layout-effect-2.0.1.tgz#76f8882abaf17078c3b6eb93e1bb26f8c319f3f7"
    integrity sha512-H+ZOjkPqv3KBPEoP68JKpQBNdLOI0mwzEiTT397UdvBVCCJ+1/ijWVUT+Ub/pYic60O6xUghy5ORaWqJHhnKDA==
  
  "@chakra-ui/react-use-size@2.0.3":
    version "2.0.3"
    resolved "https://registry.yarnpkg.com/@chakra-ui/react-use-size/-/react-use-size-2.0.3.tgz#ae3bd683eb87a40208cf0dd467a5dafb68d87b3e"
    integrity sha512-hr4hKepPUmM2paXseSZiOTK2y+ZqnSzYNusDEB01f+cDerFjdN1jSfNJKXpiKF0+hNESXfOPQb3Zt0eDusRdoA==
    dependencies:
      "@zag-js/element-size" "0.1.0"
  
  "@chakra-ui/react-use-timeout@2.0.1":
    version "2.0.1"
    resolved "https://registry.yarnpkg.com/@chakra-ui/react-use-timeout/-/react-use-timeout-2.0.1.tgz#acacadfb7c1443aacf634ddce710b1cd7cf3b6ec"
    integrity sha512-zXh9RH+GciKr8hvaOADHOoHP72B7UZUEymA8CWCV4WEs/9s/PfQJH7X1bwvaj43CcOmfVQg4oODWqCYQM1lSsg==
    dependencies:
      "@chakra-ui/react-use-callback-ref" "2.0.3"
  
  "@chakra-ui/react-use-update-effect@2.0.3":
    version "2.0.3"
    resolved "https://registry.yarnpkg.com/@chakra-ui/react-use-update-effect/-/react-use-update-effect-2.0.3.tgz#5b0128fe1325b5b1413690db6bc8dd0712d01e29"
    integrity sha512-8hkP1o/UUUA49w/R+XyAlPiCjxXTCWCNsHWUOEhAitjJfoCNUjgaNKOD52hT07kc5ACJEcJQHA5327LnwtiIlg==
  
  "@chakra-ui/react-utils@2.0.6":
    version "2.0.6"
    resolved "https://registry.yarnpkg.com/@chakra-ui/react-utils/-/react-utils-2.0.6.tgz#bb471ce2bff724b99563685962145a2cc56bf61d"
    integrity sha512-ZL0FPaolovXOxMzYRSLHgBYtvxIkA/c5GTSYpXL8DcC+TBLZnAmQ8BPTS2b6xys6xvwdQjkZRUeQ0cBNFaryJg==
    dependencies:
      "@chakra-ui/utils" "2.0.9"
  
  "@chakra-ui/react@^2.3.2":
    version "2.3.2"
    resolved "https://registry.yarnpkg.com/@chakra-ui/react/-/react-2.3.2.tgz#4ffcd5b79d21d14e240efc37adab7831f2aac37f"
    integrity sha512-qOcDLbA1x4pnpJPtF4YJ7pZzK/ki6SoQl9Vj7fsR+hJw1lt3y1475NSyYGiA6qgho/8twUgYLhcdrTbQPcmOHg==
    dependencies:
      "@chakra-ui/accordion" "2.0.12"
      "@chakra-ui/alert" "2.0.9"
      "@chakra-ui/avatar" "2.1.0"
      "@chakra-ui/breadcrumb" "2.0.9"
      "@chakra-ui/button" "2.0.9"
      "@chakra-ui/checkbox" "2.1.8"
      "@chakra-ui/close-button" "2.0.9"
      "@chakra-ui/control-box" "2.0.9"
      "@chakra-ui/counter" "2.0.9"
      "@chakra-ui/css-reset" "2.0.7"
      "@chakra-ui/editable" "2.0.9"
      "@chakra-ui/form-control" "2.0.9"
      "@chakra-ui/hooks" "2.0.9"
      "@chakra-ui/icon" "3.0.9"
      "@chakra-ui/image" "2.0.10"
      "@chakra-ui/input" "2.0.9"
      "@chakra-ui/layout" "2.1.6"
      "@chakra-ui/live-region" "2.0.9"
      "@chakra-ui/media-query" "3.2.5"
      "@chakra-ui/menu" "2.0.13"
      "@chakra-ui/modal" "2.1.7"
      "@chakra-ui/number-input" "2.0.9"
      "@chakra-ui/pin-input" "2.0.12"
      "@chakra-ui/popover" "2.0.9"
      "@chakra-ui/popper" "3.0.7"
      "@chakra-ui/portal" "2.0.9"
      "@chakra-ui/progress" "2.0.10"
      "@chakra-ui/provider" "2.0.16"
      "@chakra-ui/radio" "2.0.10"
      "@chakra-ui/react-env" "2.0.9"
      "@chakra-ui/select" "2.0.10"
      "@chakra-ui/skeleton" "2.0.15"
      "@chakra-ui/slider" "2.0.10"
      "@chakra-ui/spinner" "2.0.9"
      "@chakra-ui/stat" "2.0.9"
      "@chakra-ui/switch" "2.0.11"
      "@chakra-ui/system" "2.2.9"
      "@chakra-ui/table" "2.0.9"
      "@chakra-ui/tabs" "2.1.1"
      "@chakra-ui/tag" "2.0.9"
      "@chakra-ui/textarea" "2.0.10"
      "@chakra-ui/theme" "2.1.11"
      "@chakra-ui/toast" "3.0.10"
      "@chakra-ui/tooltip" "2.0.10"
      "@chakra-ui/transition" "2.0.9"
      "@chakra-ui/utils" "2.0.9"
      "@chakra-ui/visually-hidden" "2.0.9"
  
  "@chakra-ui/select@2.0.10":
    version "2.0.10"
    resolved "https://registry.yarnpkg.com/@chakra-ui/select/-/select-2.0.10.tgz#827028484769a32205f99baed3098a115da292b3"
    integrity sha512-7AslBWwI/JyczjMMGtPuN34M/C38koVd+N/pb6swHoIP9TRkkdvDlonIakcmtO1oLEzlNIFKmt4FQ7bUp9ea5Q==
    dependencies:
      "@chakra-ui/form-control" "2.0.9"
  
  "@chakra-ui/shared-utils@2.0.1":
    version "2.0.1"
    resolved "https://registry.yarnpkg.com/@chakra-ui/shared-utils/-/shared-utils-2.0.1.tgz#41e314e42c96039e8ffb265e73145cf755813ab4"
    integrity sha512-NXDBl/u4wrSNp0ON5R3r3evkRurrAz2yuO7neooaG+O5HEenVouGqm4CsXd6lUAPmjwiGzA0LQFNCt0Hj92dXg==
  
  "@chakra-ui/skeleton@2.0.15":
    version "2.0.15"
    resolved "https://registry.yarnpkg.com/@chakra-ui/skeleton/-/skeleton-2.0.15.tgz#fd41383bf84319e47c6ea1f4f3138f5f5e0dabca"
    integrity sha512-QVMkXwrH9jLfim8uJTZcjHeGjzoquNcHGXD5wapd7eDqp9BygvmMXAHBxFm8eEJLHuvIqLX94P6DLeiieYwX7Q==
    dependencies:
      "@chakra-ui/media-query" "3.2.5"
      "@chakra-ui/react-use-previous" "2.0.1"
  
  "@chakra-ui/slider@2.0.10":
    version "2.0.10"
    resolved "https://registry.yarnpkg.com/@chakra-ui/slider/-/slider-2.0.10.tgz#ffd7376d4a7fd9aa02e72b148e3ad4739c880498"
    integrity sha512-F0RGl2ruADbXO/GnoBUiTEl+przxhZo2e0tfw9VTtS+RsJZ22uHrTNVvVJHNmjK7/E3++kBfaLCacoJFz/io+g==
    dependencies:
      "@chakra-ui/number-utils" "2.0.3"
      "@chakra-ui/react-context" "2.0.3"
      "@chakra-ui/react-types" "2.0.3"
      "@chakra-ui/react-use-callback-ref" "2.0.3"
      "@chakra-ui/react-use-controllable-state" "2.0.3"
      "@chakra-ui/react-use-merge-refs" "2.0.3"
      "@chakra-ui/react-use-pan-event" "2.0.4"
      "@chakra-ui/react-use-size" "2.0.3"
      "@chakra-ui/react-use-update-effect" "2.0.3"
  
  "@chakra-ui/spinner@2.0.9":
    version "2.0.9"
    resolved "https://registry.yarnpkg.com/@chakra-ui/spinner/-/spinner-2.0.9.tgz#1d8544cc136699a590c3f5c518ae2c14abb459cf"
    integrity sha512-9ALl51fiVWptDu2J2xcv0TSfGf4buumpHrEXHvV2Qy+HZ6rYnUmSThBSb/VgoQS+rASG8bAbLUPlQTQ+v9ibFg==
  
  "@chakra-ui/stat@2.0.9":
    version "2.0.9"
    resolved "https://registry.yarnpkg.com/@chakra-ui/stat/-/stat-2.0.9.tgz#cecf35a4392a88227c3b85e80a45f0f5ac5f298d"
    integrity sha512-C9cytqegWSGJ/hh3/qwsgGlerXLYHrU0iQcJQ+pKSRFJhshXsv3go5IR6kVL72Yf2s4Gs5c3GsMZrLM22ePpDg==
    dependencies:
      "@chakra-ui/icon" "3.0.9"
      "@chakra-ui/react-context" "2.0.3"
  
  "@chakra-ui/styled-system@2.3.1":
    version "2.3.1"
    resolved "https://registry.yarnpkg.com/@chakra-ui/styled-system/-/styled-system-2.3.1.tgz#abf7c4e1638aaa9d92e7cf9acde17785703d166e"
    integrity sha512-jyR9s2yk5TEyq4HUfjrgUeaOzd9ZTZrbjK96UjtiTCZGO/q4j2RXtYvfheUjUyW1UnzI2A1ffHOJca8tBMDjpA==
    dependencies:
      csstype "^3.0.11"
      lodash.mergewith "4.6.2"
  
  "@chakra-ui/switch@2.0.11":
    version "2.0.11"
    resolved "https://registry.yarnpkg.com/@chakra-ui/switch/-/switch-2.0.11.tgz#57117417d1bb072f506c8c30e1a961ee7f78496b"
    integrity sha512-gY8OGBnoPosZpq7dDNVf432t67pTc/cz5VkGhbtER7bbjXSoXe0DAiAYL+HT2kD7mbTJQzzHK/y0St0WimR1Mw==
    dependencies:
      "@chakra-ui/checkbox" "2.1.8"
  
  "@chakra-ui/system@2.2.9":
    version "2.2.9"
    resolved "https://registry.yarnpkg.com/@chakra-ui/system/-/system-2.2.9.tgz#d6e7dfb9a954b8ab03c28e14c69aad56a9fcffbd"
    integrity sha512-SyTeIGm+goyYK8vqX4dU6oeLhxUAeGI3Cl+mxA+aiKIX01YTALhTWhpbrsuMYBevV+l9EGK12egPUQE+Mo3WlQ==
    dependencies:
      "@chakra-ui/color-mode" "2.1.7"
      "@chakra-ui/react-utils" "2.0.6"
      "@chakra-ui/styled-system" "2.3.1"
      "@chakra-ui/utils" "2.0.9"
      react-fast-compare "3.2.0"
  
  "@chakra-ui/table@2.0.9":
    version "2.0.9"
    resolved "https://registry.yarnpkg.com/@chakra-ui/table/-/table-2.0.9.tgz#2ddb0202e8146e517bf602e62195d13fee8f1b0a"
    integrity sha512-XRz6+x4dMeQX3xyViyG2H/P1STI/2vwvgU2cjzzwS+5fZ2JdGaTgYzBb+IZoH9agEq1Ma3rlKMUPDrRCFb7kLQ==
    dependencies:
      "@chakra-ui/react-context" "2.0.3"
  
  "@chakra-ui/tabs@2.1.1":
    version "2.1.1"
    resolved "https://registry.yarnpkg.com/@chakra-ui/tabs/-/tabs-2.1.1.tgz#0fb540782c2e4122b63a203fc1f04eff850f2c0e"
    integrity sha512-xA+vwqpAHb0nBLrkiO5Lea2UDGROyAIBqsyp/8XXXEr6eKxtNe1I6WJPbDQy0aazB2ToAA0R6fT34HjLaXP8MQ==
    dependencies:
      "@chakra-ui/clickable" "2.0.9"
      "@chakra-ui/descendant" "3.0.9"
      "@chakra-ui/lazy-utils" "2.0.1"
      "@chakra-ui/react-children-utils" "2.0.1"
      "@chakra-ui/react-context" "2.0.3"
      "@chakra-ui/react-use-controllable-state" "2.0.3"
      "@chakra-ui/react-use-merge-refs" "2.0.3"
      "@chakra-ui/react-use-safe-layout-effect" "2.0.1"
  
  "@chakra-ui/tag@2.0.9":
    version "2.0.9"
    resolved "https://registry.yarnpkg.com/@chakra-ui/tag/-/tag-2.0.9.tgz#bf8530aa766bd6b9196d374ff75b0b1ce62cd0d3"
    integrity sha512-NKARwhsZ04t2vkrdRhNcakEiVtg1q44yUUsDw2Jwdu4idAWQupZGGochQI2Ac4T2MI1b66zQUkaGnm3l1mhTtg==
    dependencies:
      "@chakra-ui/icon" "3.0.9"
      "@chakra-ui/react-context" "2.0.3"
  
  "@chakra-ui/textarea@2.0.10":
    version "2.0.10"
    resolved "https://registry.yarnpkg.com/@chakra-ui/textarea/-/textarea-2.0.10.tgz#dbbc8df8adddb488d0ee97164917e7be33d6b247"
    integrity sha512-HSo0EPsY8XKGA+Af6jTob1oe1T6NKZwgjLmX0binK3MMM9pDTXsUTw8GD0g971lxw9oktVMLK/O9QVAgVAm5mw==
    dependencies:
      "@chakra-ui/form-control" "2.0.9"
  
  "@chakra-ui/theme-tools@2.0.11":
    version "2.0.11"
    resolved "https://registry.yarnpkg.com/@chakra-ui/theme-tools/-/theme-tools-2.0.11.tgz#de97b422799627b5a514ae424ca08c1d348bc2a5"
    integrity sha512-0Juf98bAyOgnBeQ39nMKWqRsOxZDw75BbAB8o0oVyjhYVS1wJh7tFX1ZRV8N/+AN6fuRXEznZPpyUh3J+ZTiRg==
    dependencies:
      "@chakra-ui/anatomy" "2.0.6"
      "@ctrl/tinycolor" "^3.4.0"
  
  "@chakra-ui/theme@2.1.11":
    version "2.1.11"
    resolved "https://registry.yarnpkg.com/@chakra-ui/theme/-/theme-2.1.11.tgz#cdfca3e84fc6913c5bb1a06e24b7cbb1246e127e"
    integrity sha512-gI0NLU6wO/5cRq8gbDHuy24Y/ZhJxN4D/2uucNN9is3h+d58/En5jV3fwzZW8PLiLKW/T2CmbYWEZWV2YkcUVA==
    dependencies:
      "@chakra-ui/anatomy" "2.0.6"
      "@chakra-ui/theme-tools" "2.0.11"
  
  "@chakra-ui/toast@3.0.10":
    version "3.0.10"
    resolved "https://registry.yarnpkg.com/@chakra-ui/toast/-/toast-3.0.10.tgz#5918beb208ca592f72a9e24923254341fa38df58"
    integrity sha512-i/oEtzmarO0hM6fxa55OmA8ZGkZv9b+vIC2xs5kQ/C0rJaC0ycibok8srq2Stjq9309fZNezyzThQp6e9acUYQ==
    dependencies:
      "@chakra-ui/alert" "2.0.9"
      "@chakra-ui/close-button" "2.0.9"
      "@chakra-ui/portal" "2.0.9"
      "@chakra-ui/react-use-timeout" "2.0.1"
      "@chakra-ui/react-use-update-effect" "2.0.3"
      "@chakra-ui/theme" "2.1.11"
  
  "@chakra-ui/tooltip@2.0.10":
    version "2.0.10"
    resolved "https://registry.yarnpkg.com/@chakra-ui/tooltip/-/tooltip-2.0.10.tgz#2166753f9f246dd217d3170fd85f95a86392d9b6"
    integrity sha512-pBILBdZoux2K3EW9V6JuyZYUWz2/Y7oYCVO6AwNOesiEBGAONyzoDwFV728EzPEHe9e+YBcKOSZ9tEpDdrzHMA==
    dependencies:
      "@chakra-ui/popper" "3.0.7"
      "@chakra-ui/portal" "2.0.9"
      "@chakra-ui/react-types" "2.0.3"
      "@chakra-ui/react-use-disclosure" "2.0.3"
      "@chakra-ui/react-use-event-listener" "2.0.3"
      "@chakra-ui/react-use-merge-refs" "2.0.3"
  
  "@chakra-ui/transition@2.0.9":
    version "2.0.9"
    resolved "https://registry.yarnpkg.com/@chakra-ui/transition/-/transition-2.0.9.tgz#1967fd77f44b57681a9efe4e87561c82420cd2a2"
    integrity sha512-cVfKdZl128AEj0LDS8M9dzXao4wmTVj3gRJBnm91Qcg243Pm8OlgIBNbHEwsq/Fps+PsN431BtEGfL4w79wQEA==
  
  "@chakra-ui/utils@2.0.9":
    version "2.0.9"
    resolved "https://registry.yarnpkg.com/@chakra-ui/utils/-/utils-2.0.9.tgz#1af3882b31fb46e0a411998d8e3607656f8d5043"
    integrity sha512-7ct5562Jw6pZdtj63XfUkEUXXsCCVqdqIXyLtQ9VgOKtRQWwDxzc8uPI5Zjdw9AleEITZFUH8TNKWn75nm54kQ==
    dependencies:
      "@types/lodash.mergewith" "4.6.6"
      css-box-model "1.2.1"
      framesync "5.3.0"
      lodash.mergewith "4.6.2"
  
  "@chakra-ui/visually-hidden@2.0.9":
    version "2.0.9"
    resolved "https://registry.yarnpkg.com/@chakra-ui/visually-hidden/-/visually-hidden-2.0.9.tgz#b43a3dd0bc1108954ad0eeb50d0261887ab5e31c"
    integrity sha512-PkNxrRGp9H3bdqEaoo8XGt/AL9UuGRTom0/9XJa+G/Dj8Cy1sDuamOWk3pN/ZQs46RokfK9Uh5LqPY5dwSDweg==
  
  "@ctrl/tinycolor@^3.4.0":
    version "3.4.1"
    resolved "https://registry.yarnpkg.com/@ctrl/tinycolor/-/tinycolor-3.4.1.tgz#75b4c27948c81e88ccd3a8902047bcd797f38d32"
    integrity sha512-ej5oVy6lykXsvieQtqZxCOaLT+xD4+QNarq78cIYISHmZXshCvROLudpQN3lfL8G0NL7plMSSK+zlyvCaIJ4Iw==
  
  "@popperjs/core@^2.9.3":
    version "2.11.6"
    resolved "https://registry.yarnpkg.com/@popperjs/core/-/core-2.11.6.tgz#cee20bd55e68a1720bdab363ecf0c821ded4cd45"
    integrity sha512-50/17A98tWUfQ176raKiOGXuYpLyyVMkxxG6oylzL3BPOlA6ADGdK7EYunSa4I064xerltq9TGXs8HmOk5E+vw==
  
  "@rollup/plugin-typescript@^8.2.1":
    version "8.2.1"
    resolved "https://registry.yarnpkg.com/@rollup/plugin-typescript/-/plugin-typescript-8.2.1.tgz#f1a32d4030cc83432ce36a80a922280f0f0b5d44"
    integrity sha512-Qd2E1pleDR4bwyFxqbjt4eJf+wB0UKVMLc7/BAFDGVdAXQMCsD4DUv5/7/ww47BZCYxWtJqe1Lo0KVNswBJlRw==
    dependencies:
      "@rollup/pluginutils" "^3.1.0"
      resolve "^1.17.0"
  
  "@rollup/pluginutils@^3.1.0":
    version "3.1.0"
    resolved "https://registry.yarnpkg.com/@rollup/pluginutils/-/pluginutils-3.1.0.tgz#706b4524ee6dc8b103b3c995533e5ad680c02b9b"
    integrity sha512-GksZ6pr6TpIjHm8h9lSQ8pi8BE9VeubNT0OMJ3B5uZJ8pz73NPiqOtCog/x2/QzM1ENChPKxMDhiQuRHsqc+lg==
    dependencies:
      "@types/estree" "0.0.39"
      estree-walker "^1.0.1"
      picomatch "^2.2.2"
  
  "@types/estree@0.0.39":
    version "0.0.39"
    resolved "https://registry.yarnpkg.com/@types/estree/-/estree-0.0.39.tgz#e177e699ee1b8c22d23174caaa7422644389509f"
    integrity sha512-EYNwp3bU+98cpU4lAWYYL7Zz+2gryWH1qbdDTidVd6hkiR6weksdbMadyXKXNPEkQFhXM+hVO9ZygomHXp+AIw==
  
  "@types/lodash.mergewith@4.6.6":
    version "4.6.6"
    resolved "https://registry.yarnpkg.com/@types/lodash.mergewith/-/lodash.mergewith-4.6.6.tgz#c4698f5b214a433ff35cb2c75ee6ec7f99d79f10"
    integrity sha512-RY/8IaVENjG19rxTZu9Nukqh0W2UrYgmBj5sdns4hWRZaV8PqR7wIKHFKzvOTjo4zVRV7sVI+yFhAJql12Kfqg==
    dependencies:
      "@types/lodash" "*"
  
  "@types/lodash@*":
    version "4.14.184"
    resolved "https://registry.yarnpkg.com/@types/lodash/-/lodash-4.14.184.tgz#23f96cd2a21a28e106dc24d825d4aa966de7a9fe"
    integrity sha512-RoZphVtHbxPZizt4IcILciSWiC6dcn+eZ8oX9IWEYfDMcocdd42f7NPI6fQj+6zI8y4E0L7gu2pcZKLGTRaV9Q==
  
  "@types/node@^15.0.3":
    version "15.0.3"
    resolved "https://registry.yarnpkg.com/@types/node/-/node-15.0.3.tgz#ee09fcaac513576474c327da5818d421b98db88a"
    integrity sha512-/WbxFeBU+0F79z9RdEOXH4CsDga+ibi5M8uEYr91u3CkT/pdWcV8MCook+4wDPnZBexRdwWS+PiVZ2xJviAzcQ==
  
  "@zag-js/element-size@0.1.0":
    version "0.1.0"
    resolved "https://registry.yarnpkg.com/@zag-js/element-size/-/element-size-0.1.0.tgz#dfdb3f66a70328d0c3149aae29b8f99c10590c22"
    integrity sha512-QF8wp0+V8++z+FHXiIw93+zudtubYszOtYbNgK39fg3pi+nCZtuSm4L1jC5QZMatNZ83MfOzyNCfgUubapagJQ==
  
  "@zag-js/focus-visible@0.1.0":
    version "0.1.0"
    resolved "https://registry.yarnpkg.com/@zag-js/focus-visible/-/focus-visible-0.1.0.tgz#9777bbaff8316d0b3a14a9095631e1494f69dbc7"
    integrity sha512-PeaBcTmdZWcFf7n1aM+oiOdZc+sy14qi0emPIeUuGMTjbP0xLGrZu43kdpHnWSXy7/r4Ubp/vlg50MCV8+9Isg==
  
  aria-hidden@^1.1.1:
    version "1.2.1"
    resolved "https://registry.yarnpkg.com/aria-hidden/-/aria-hidden-1.2.1.tgz#ad8c1edbde360b454eb2bf717ea02da00bfee0f8"
    integrity sha512-PN344VAf9j1EAi+jyVHOJ8XidQdPVssGco39eNcsGdM4wcsILtxrKLkbuiMfLWYROK1FjRQasMWCBttrhjnr6A==
    dependencies:
      tslib "^2.0.0"
  
  compute-scroll-into-view@1.0.14:
    version "1.0.14"
    resolved "https://registry.yarnpkg.com/compute-scroll-into-view/-/compute-scroll-into-view-1.0.14.tgz#80e3ebb25d6aa89f42e533956cb4b16a04cfe759"
    integrity sha512-mKDjINe3tc6hGelUMNDzuhorIUZ7kS7BwyY0r2wQd2HOH2tRuJykiC06iSEX8y1TuhNzvz4GcJnK16mM2J1NMQ==
  
  copy-to-clipboard@3.3.1:
    version "3.3.1"
    resolved "https://registry.yarnpkg.com/copy-to-clipboard/-/copy-to-clipboard-3.3.1.tgz#115aa1a9998ffab6196f93076ad6da3b913662ae"
    integrity sha512-i13qo6kIHTTpCm8/Wup+0b1mVWETvu2kIMzKoK8FpkLkFxlt0znUAHcMzox+T8sPlqtZXq3CulEjQHsYiGFJUw==
    dependencies:
      toggle-selection "^1.0.6"
  
  css-box-model@1.2.1:
    version "1.2.1"
    resolved "https://registry.yarnpkg.com/css-box-model/-/css-box-model-1.2.1.tgz#59951d3b81fd6b2074a62d49444415b0d2b4d7c1"
    integrity sha512-a7Vr4Q/kd/aw96bnJG332W9V9LkJO69JRcaCYDUqjp6/z0w6VcZjgAcTbgFxEPfBgdnAwlh3iwu+hLopa+flJw==
    dependencies:
      tiny-invariant "^1.0.6"
  
  csstype@^3.0.11:
    version "3.1.0"
    resolved "https://registry.yarnpkg.com/csstype/-/csstype-3.1.0.tgz#4ddcac3718d787cf9df0d1b7d15033925c8f29f2"
    integrity sha512-uX1KG+x9h5hIJsaKR9xHUeUraxf8IODOwq9JLNPq6BwB04a/xgpq3rcx47l5BZu5zBPlgD342tdke3Hom/nJRA==
  
  detect-node-es@^1.1.0:
    version "1.1.0"
    resolved "https://registry.yarnpkg.com/detect-node-es/-/detect-node-es-1.1.0.tgz#163acdf643330caa0b4cd7c21e7ee7755d6fa493"
    integrity sha512-ypdmJU/TbBby2Dxibuv7ZLW3Bs1QEmM7nHjEANfohJLvE0XVujisn1qPJcZxg+qDucsr+bP6fLD1rPS3AhJ7EQ==
  
  estree-walker@^1.0.1:
    version "1.0.1"
    resolved "https://registry.yarnpkg.com/estree-walker/-/estree-walker-1.0.1.tgz#31bc5d612c96b704106b477e6dd5d8aa138cb700"
    integrity sha512-1fMXF3YP4pZZVozF8j/ZLfvnR8NSIljt56UhbZ5PeeDmmGHpgpdwQt7ITlGvYaQukCvuBRMLEiKiYC+oeIg4cg==
  
  focus-lock@^0.11.2:
    version "0.11.2"
    resolved "https://registry.yarnpkg.com/focus-lock/-/focus-lock-0.11.2.tgz#aeef3caf1cea757797ac8afdebaec8fd9ab243ed"
    integrity sha512-pZ2bO++NWLHhiKkgP1bEXHhR1/OjVcSvlCJ98aNJDFeb7H5OOQaO+SKOZle6041O9rv2tmbrO4JzClAvDUHf0g==
    dependencies:
      tslib "^2.0.3"
  
  framesync@5.3.0:
    version "5.3.0"
    resolved "https://registry.yarnpkg.com/framesync/-/framesync-5.3.0.tgz#0ecfc955e8f5a6ddc8fdb0cc024070947e1a0d9b"
    integrity sha512-oc5m68HDO/tuK2blj7ZcdEBRx3p1PjrgHazL8GYEpvULhrtGIFbQArN6cQS2QhW8mitffaB+VYzMjDqBxxQeoA==
    dependencies:
      tslib "^2.1.0"
  
  fsevents@~2.3.1:
    version "2.3.2"
    resolved "https://registry.yarnpkg.com/fsevents/-/fsevents-2.3.2.tgz#8a526f78b8fdf4623b709e0b975c52c24c02fd1a"
    integrity sha512-xiqMQR4xAeHTuB9uWm+fFRcIOgKBMiOBP+eXiyT7jsgVCq1bkVygt00oASowB7EdtpOHaaPgKt812P9ab+DDKA==
  
  function-bind@^1.1.1:
    version "1.1.1"
    resolved "https://registry.yarnpkg.com/function-bind/-/function-bind-1.1.1.tgz#a56899d3ea3c9bab874bb9773b7c5ede92f4895d"
    integrity sha512-yIovAzMX49sF8Yl58fSCWJ5svSLuaibPxXQJFLmBObTuCr0Mf1KiPopGM9NiFjiYBCbfaa2Fh6breQ6ANVTI0A==
  
  get-nonce@^1.0.0:
    version "1.0.1"
    resolved "https://registry.yarnpkg.com/get-nonce/-/get-nonce-1.0.1.tgz#fdf3f0278073820d2ce9426c18f07481b1e0cdf3"
    integrity sha512-FJhYRoDaiatfEkUK8HKlicmu/3SGFD51q3itKDGoSTysQJBnfOcxU5GxnhE1E6soB76MbT0MBtnKJuXyAx+96Q==
  
  has@^1.0.3:
    version "1.0.3"
    resolved "https://registry.yarnpkg.com/has/-/has-1.0.3.tgz#722d7cbfc1f6aa8241f16dd814e011e1f41e8796"
    integrity sha512-f2dvO0VU6Oej7RkWJGrehjbzMAjFp5/VKPp5tTpWIV4JHHZK1/BxbFRtf/siA2SWTe09caDmVtYYzWEIbBS4zw==
    dependencies:
      function-bind "^1.1.1"
  
  invariant@^2.2.4:
    version "2.2.4"
    resolved "https://registry.yarnpkg.com/invariant/-/invariant-2.2.4.tgz#610f3c92c9359ce1db616e538008d23ff35158e6"
    integrity sha512-phJfQVBuaJM5raOpJjSfkiD6BpbCE4Ns//LaXl6wGYtUBY83nWS6Rf9tXm2e8VaK60JEjYldbPif/A2B1C2gNA==
    dependencies:
      loose-envify "^1.0.0"
  
  is-core-module@^2.2.0:
    version "2.4.0"
    resolved "https://registry.yarnpkg.com/is-core-module/-/is-core-module-2.4.0.tgz#8e9fc8e15027b011418026e98f0e6f4d86305cc1"
    integrity sha512-6A2fkfq1rfeQZjxrZJGerpLCTHRNEBiSgnu0+obeJpEPZRUooHgsizvzv0ZjJwOz3iWIHdJtVWJ/tmPr3D21/A==
    dependencies:
      has "^1.0.3"
  
  "js-tokens@^3.0.0 || ^4.0.0":
    version "4.0.0"
    resolved "https://registry.yarnpkg.com/js-tokens/-/js-tokens-4.0.0.tgz#19203fb59991df98e3a287050d4647cdeaf32499"
    integrity sha512-RdJUflcE3cUzKiMqQgsCu06FPu9UdIJO0beYbPhHN4k6apgJtifcoCtT9bcxOpYBtpD2kCM6Sbzg4CausW/PKQ==
  
  lodash.mergewith@4.6.2:
    version "4.6.2"
    resolved "https://registry.yarnpkg.com/lodash.mergewith/-/lodash.mergewith-4.6.2.tgz#617121f89ac55f59047c7aec1ccd6654c6590f55"
    integrity sha512-GK3g5RPZWTRSeLSpgP8Xhra+pnjBC56q9FZYe1d5RN3TJ35dbkGy3YqBSMbyCrlbi+CM9Z3Jk5yTL7RCsqboyQ==
  
  loose-envify@^1.0.0, loose-envify@^1.4.0:
    version "1.4.0"
    resolved "https://registry.yarnpkg.com/loose-envify/-/loose-envify-1.4.0.tgz#71ee51fa7be4caec1a63839f7e682d8132d30caf"
    integrity sha512-lyuxPGr/Wfhrlem2CL/UcnUc1zcqKAImBDzukY7Y5F/yQiNdko6+fRLevlw1HgMySw7f611UIY408EtxRSoK3Q==
    dependencies:
      js-tokens "^3.0.0 || ^4.0.0"
  
  object-assign@^4.1.1:
    version "4.1.1"
    resolved "https://registry.yarnpkg.com/object-assign/-/object-assign-4.1.1.tgz#2109adc7965887cfc05cbbd442cac8bfbb360863"
    integrity sha512-rJgTQnkUnH1sFw8yT6VSU3zD3sWmu6sZhIseY8VX+GRu3P6F7Fu+JNDoXfklElbLJSnc3FUQHVe4cU5hj+BcUg==
  
  path-parse@^1.0.6:
    version "1.0.6"
    resolved "https://registry.yarnpkg.com/path-parse/-/path-parse-1.0.6.tgz#d62dbb5679405d72c4737ec58600e9ddcf06d24c"
    integrity sha512-GSmOT2EbHrINBf9SR7CDELwlJ8AENk3Qn7OikK4nFYAu3Ote2+JYNVvkpAEQm3/TLNEJFD/xZJjzyxg3KBWOzw==
  
  picomatch@^2.2.2:
    version "2.2.3"
    resolved "https://registry.yarnpkg.com/picomatch/-/picomatch-2.2.3.tgz#465547f359ccc206d3c48e46a1bcb89bf7ee619d"
    integrity sha512-KpELjfwcCDUb9PeigTs2mBJzXUPzAuP2oPcA989He8Rte0+YUAjw1JVedDhuTKPkHjSYzMN3npC9luThGYEKdg==
  
  prop-types@^15.6.2:
    version "15.8.1"
    resolved "https://registry.yarnpkg.com/prop-types/-/prop-types-15.8.1.tgz#67d87bf1a694f48435cf332c24af10214a3140b5"
    integrity sha512-oj87CgZICdulUohogVAR7AjlC0327U4el4L6eAvOqCeudMDVU0NThNaV+b9Df4dXgSP1gXMTnPdhfe/2qDH5cg==
    dependencies:
      loose-envify "^1.4.0"
      object-assign "^4.1.1"
      react-is "^16.13.1"
  
  react-clientside-effect@^1.2.6:
    version "1.2.6"
    resolved "https://registry.yarnpkg.com/react-clientside-effect/-/react-clientside-effect-1.2.6.tgz#29f9b14e944a376b03fb650eed2a754dd128ea3a"
    integrity sha512-XGGGRQAKY+q25Lz9a/4EPqom7WRjz3z9R2k4jhVKA/puQFH/5Nt27vFZYql4m4NVNdUvX8PS3O7r/Zzm7cjUlg==
    dependencies:
      "@babel/runtime" "^7.12.13"
  
  react-fast-compare@3.2.0:
    version "3.2.0"
    resolved "https://registry.yarnpkg.com/react-fast-compare/-/react-fast-compare-3.2.0.tgz#641a9da81b6a6320f270e89724fb45a0b39e43bb"
    integrity sha512-rtGImPZ0YyLrscKI9xTpV8psd6I8VAtjKCzQDlzyDvqJA8XOW78TXYQwNRNd8g8JZnDu8q9Fu/1v4HPAVwVdHA==
  
  react-focus-lock@^2.9.1:
    version "2.9.1"
    resolved "https://registry.yarnpkg.com/react-focus-lock/-/react-focus-lock-2.9.1.tgz#094cfc19b4f334122c73bb0bff65d77a0c92dd16"
    integrity sha512-pSWOQrUmiKLkffPO6BpMXN7SNKXMsuOakl652IBuALAu1esk+IcpJyM+ALcYzPTTFz1rD0R54aB9A4HuP5t1Wg==
    dependencies:
      "@babel/runtime" "^7.0.0"
      focus-lock "^0.11.2"
      prop-types "^15.6.2"
      react-clientside-effect "^1.2.6"
      use-callback-ref "^1.3.0"
      use-sidecar "^1.1.2"
  
  react-is@^16.13.1:
    version "16.13.1"
    resolved "https://registry.yarnpkg.com/react-is/-/react-is-16.13.1.tgz#789729a4dc36de2999dc156dd6c1d9c18cea56a4"
    integrity sha512-24e6ynE2H+OKt4kqsOvNd8kBpV65zoxbA4BVsEOB3ARVWQki/DHzaUoC5KuON/BiccDaCCTZBuOcfZs70kR8bQ==
  
  react-remove-scroll-bar@^2.3.3:
    version "2.3.3"
    resolved "https://registry.yarnpkg.com/react-remove-scroll-bar/-/react-remove-scroll-bar-2.3.3.tgz#e291f71b1bb30f5f67f023765b7435f4b2b2cd94"
    integrity sha512-i9GMNWwpz8XpUpQ6QlevUtFjHGqnPG4Hxs+wlIJntu/xcsZVEpJcIV71K3ZkqNy2q3GfgvkD7y6t/Sv8ofYSbw==
    dependencies:
      react-style-singleton "^2.2.1"
      tslib "^2.0.0"
  
  react-remove-scroll@^2.5.4:
    version "2.5.5"
    resolved "https://registry.yarnpkg.com/react-remove-scroll/-/react-remove-scroll-2.5.5.tgz#1e31a1260df08887a8a0e46d09271b52b3a37e77"
    integrity sha512-ImKhrzJJsyXJfBZ4bzu8Bwpka14c/fQt0k+cyFp/PBhTfyDnU5hjOtM4AG/0AMyy8oKzOTR0lDgJIM7pYXI0kw==
    dependencies:
      react-remove-scroll-bar "^2.3.3"
      react-style-singleton "^2.2.1"
      tslib "^2.1.0"
      use-callback-ref "^1.3.0"
      use-sidecar "^1.1.2"
  
  react-style-singleton@^2.2.1:
    version "2.2.1"
    resolved "https://registry.yarnpkg.com/react-style-singleton/-/react-style-singleton-2.2.1.tgz#f99e420492b2d8f34d38308ff660b60d0b1205b4"
    integrity sha512-ZWj0fHEMyWkHzKYUr2Bs/4zU6XLmq9HsgBURm7g5pAVfyn49DgUiNgY2d4lXRlYSiCif9YBGpQleewkcqddc7g==
    dependencies:
      get-nonce "^1.0.0"
      invariant "^2.2.4"
      tslib "^2.0.0"
  
  regenerator-runtime@^0.13.4:
    version "0.13.9"
    resolved "https://registry.yarnpkg.com/regenerator-runtime/-/regenerator-runtime-0.13.9.tgz#8925742a98ffd90814988d7566ad30ca3b263b52"
    integrity sha512-p3VT+cOEgxFsRRA9X4lkI1E+k2/CtnKtU4gcxyaCUreilL/vqI6CdZ3wxVUx3UOUg+gnUOQQcRI7BmSI656MYA==
  
  resolve@^1.17.0:
    version "1.20.0"
    resolved "https://registry.yarnpkg.com/resolve/-/resolve-1.20.0.tgz#629a013fb3f70755d6f0b7935cc1c2c5378b1975"
    integrity sha512-wENBPt4ySzg4ybFQW2TT1zMQucPK95HSh/nq2CFTZVOGut2+pQvSsgtda4d26YrYcr067wjbmzOG8byDPBX63A==
    dependencies:
      is-core-module "^2.2.0"
      path-parse "^1.0.6"
  
  rollup@^2.48.0:
    version "2.48.0"
    resolved "https://registry.yarnpkg.com/rollup/-/rollup-2.48.0.tgz#fceb01ed771f991f29f7bd2ff7838146e55acb74"
    integrity sha512-wl9ZSSSsi5579oscSDYSzGn092tCS076YB+TQrzsGuSfYyJeep8eEWj0eaRjuC5McuMNmcnR8icBqiE/FWNB1A==
    optionalDependencies:
      fsevents "~2.3.1"
  
  tiny-invariant@^1.0.6:
    version "1.2.0"
    resolved "https://registry.yarnpkg.com/tiny-invariant/-/tiny-invariant-1.2.0.tgz#a1141f86b672a9148c72e978a19a73b9b94a15a9"
    integrity sha512-1Uhn/aqw5C6RI4KejVeTg6mIS7IqxnLJ8Mv2tV5rTc0qWobay7pDUz6Wi392Cnc8ak1H0F2cjoRzb2/AW4+Fvg==
  
  toggle-selection@^1.0.6:
    version "1.0.6"
    resolved "https://registry.yarnpkg.com/toggle-selection/-/toggle-selection-1.0.6.tgz#6e45b1263f2017fa0acc7d89d78b15b8bf77da32"
    integrity sha512-BiZS+C1OS8g/q2RRbJmy59xpyghNBqrr6k5L/uKBGRsTfxmu3ffiRnd8mlGPUVayg8pvfi5urfnu8TU7DVOkLQ==
  
  tslib@^2.0.0, tslib@^2.0.3, tslib@^2.1.0:
    version "2.4.0"
    resolved "https://registry.yarnpkg.com/tslib/-/tslib-2.4.0.tgz#7cecaa7f073ce680a05847aa77be941098f36dc3"
    integrity sha512-d6xOpEDfsi2CZVlPQzGeux8XMwLT9hssAsaPYExaQMuYskwb+x1x7J371tWlbBdWHroy99KnVB6qIkUbs5X3UQ==
  
  tslib@^2.2.0:
    version "2.2.0"
    resolved "https://registry.yarnpkg.com/tslib/-/tslib-2.2.0.tgz#fb2c475977e35e241311ede2693cee1ec6698f5c"
    integrity sha512-gS9GVHRU+RGn5KQM2rllAlR3dU6m7AcpJKdtH8gFvQiC4Otgk98XnmMU+nZenHt/+VhnBPWwgrJsyrdcw6i23w==
  
  typescript@^4.2.4:
    version "4.2.4"
    resolved "https://registry.yarnpkg.com/typescript/-/typescript-4.2.4.tgz#8610b59747de028fda898a8aef0e103f156d0961"
    integrity sha512-V+evlYHZnQkaz8TRBuxTA92yZBPotr5H+WhQ7bD3hZUndx5tGOa1fuCgeSjxAzM1RiN5IzvadIXTVefuuwZCRg==
  
  use-callback-ref@^1.3.0:
    version "1.3.0"
    resolved "https://registry.yarnpkg.com/use-callback-ref/-/use-callback-ref-1.3.0.tgz#772199899b9c9a50526fedc4993fc7fa1f7e32d5"
    integrity sha512-3FT9PRuRdbB9HfXhEq35u4oZkvpJ5kuYbpqhCfmiZyReuRgpnhDlbr2ZEnnuS0RrJAPn6l23xjFg9kpDM+Ms7w==
    dependencies:
      tslib "^2.0.0"
  
  use-sidecar@^1.1.2:
    version "1.1.2"
    resolved "https://registry.yarnpkg.com/use-sidecar/-/use-sidecar-1.1.2.tgz#2f43126ba2d7d7e117aa5855e5d8f0276dfe73c2"
    integrity sha512-epTbsLuzZ7lPClpz2TyryBfztm7m+28DlEv2ZCQ3MDr5ssiwyOwGH/e5F9CkfWjJ1t4clvI58yF822/GUkjjhw==
    dependencies:
      detect-node-es "^1.1.0"
      tslib "^2.0.0"
